<?xml version="1.0" encoding="UTF-8"?>
<robot generator="Robot 3.2.1 (Python 3.8.5 on win32)" generated="20201013 19:16:23.248" rpa="false">
<suite id="s1" name="Element4" source="C:\Users\Admin\Robotframework\RessourcesProject\TestCases\Element4.robot">
<test id="s1-t1" name="TC_001">
<kw name="Open Browser" library="SeleniumLibrary">
<doc>Opens a new browser instance to the optional ``url``.</doc>
<arguments>
<arg>${url}</arg>
<arg>${browser}</arg>
</arguments>
<msg timestamp="20201013 19:16:23.635" level="INFO">Opening browser 'gc' to base url 'http://omayo.blogspot.com/'.</msg>
<status status="PASS" starttime="20201013 19:16:23.634" endtime="20201013 19:16:28.415"></status>
</kw>
<kw name="Maximize Browser Window" library="SeleniumLibrary">
<doc>Maximizes current browser window.</doc>
<status status="PASS" starttime="20201013 19:16:28.416" endtime="20201013 19:16:29.938"></status>
</kw>
<kw name="Set Selenium Speed" library="SeleniumLibrary">
<doc>Sets the delay that is waited after each Selenium command.</doc>
<arguments>
<arg>3s</arg>
</arguments>
<status status="PASS" starttime="20201013 19:16:29.939" endtime="20201013 19:16:29.940"></status>
</kw>
<kw name="Select From List By Index" library="SeleniumLibrary">
<doc>Selects options from selection list ``locator`` by ``indexes``.</doc>
<arguments>
<arg>id=drop1</arg>
<arg>1</arg>
</arguments>
<msg timestamp="20201013 19:16:29.941" level="INFO">Selecting options from selection list 'id=drop1' by index 1.</msg>
<status status="PASS" starttime="20201013 19:16:29.941" endtime="20201013 19:16:57.054"></status>
</kw>
<kw name="Select From List By Value" library="SeleniumLibrary">
<doc>Selects options from selection list ``locator`` by ``values``.</doc>
<arguments>
<arg>id=drop1</arg>
<arg>jkl</arg>
</arguments>
<msg timestamp="20201013 19:16:57.055" level="INFO">Selecting options from selection list 'id=drop1' by value jkl.</msg>
<status status="PASS" starttime="20201013 19:16:57.055" endtime="20201013 19:17:18.138"></status>
</kw>
<kw name="Select From List By Label" library="SeleniumLibrary">
<doc>Selects options from selection list ``locator`` by ``labels``.</doc>
<arguments>
<arg>id=drop1</arg>
<arg>doc 4</arg>
</arguments>
<msg timestamp="20201013 19:17:18.139" level="INFO">Selecting options from selection list 'id=drop1' by label doc 4.</msg>
<status status="PASS" starttime="20201013 19:17:18.139" endtime="20201013 19:17:39.220"></status>
</kw>
<kw name="Close Browser" library="SeleniumLibrary">
<doc>Closes the current browser.</doc>
<status status="PASS" starttime="20201013 19:17:39.221" endtime="20201013 19:17:44.263"></status>
</kw>
<status status="PASS" starttime="20201013 19:16:23.633" endtime="20201013 19:17:44.264" critical="yes"></status>
</test>
<test id="s1-t2" name="TC_002">
<kw name="Open Browser" library="SeleniumLibrary">
<doc>Opens a new browser instance to the optional ``url``.</doc>
<arguments>
<arg>${url}</arg>
<arg>${browser}</arg>
</arguments>
<msg timestamp="20201013 19:17:44.268" level="INFO">Opening browser 'gc' to base url 'http://omayo.blogspot.com/'.</msg>
<status status="PASS" starttime="20201013 19:17:44.268" endtime="20201013 19:17:52.377"></status>
</kw>
<kw name="Maximize Browser Window" library="SeleniumLibrary">
<doc>Maximizes current browser window.</doc>
<status status="PASS" starttime="20201013 19:17:53.202" endtime="20201013 19:17:57.592"></status>
</kw>
<kw name="Set Selenium Speed" library="SeleniumLibrary">
<doc>Sets the delay that is waited after each Selenium command.</doc>
<arguments>
<arg>3s</arg>
</arguments>
<status status="PASS" starttime="20201013 19:17:57.593" endtime="20201013 19:17:57.593"></status>
</kw>
<kw name="Select From List By Label" library="SeleniumLibrary">
<doc>Selects options from selection list ``locator`` by ``labels``.</doc>
<arguments>
<arg>id=multiselect1</arg>
<arg>Volvo</arg>
</arguments>
<msg timestamp="20201013 19:17:57.595" level="INFO">Selecting options from selection list 'id=multiselect1' by label Volvo.</msg>
<status status="PASS" starttime="20201013 19:17:57.593" endtime="20201013 19:18:18.694"></status>
</kw>
<kw name="Select From List By Label" library="SeleniumLibrary">
<doc>Selects options from selection list ``locator`` by ``labels``.</doc>
<arguments>
<arg>id=multiselect1</arg>
<arg>Audi</arg>
</arguments>
<msg timestamp="20201013 19:18:18.695" level="INFO">Selecting options from selection list 'id=multiselect1' by label Audi.</msg>
<status status="PASS" starttime="20201013 19:18:18.694" endtime="20201013 19:18:39.789"></status>
</kw>
<kw name="Select From List By Label" library="SeleniumLibrary">
<doc>Selects options from selection list ``locator`` by ``labels``.</doc>
<arguments>
<arg>id=multiselect1</arg>
<arg>Swift</arg>
</arguments>
<msg timestamp="20201013 19:18:39.790" level="INFO">Selecting options from selection list 'id=multiselect1' by label Swift.</msg>
<status status="PASS" starttime="20201013 19:18:39.789" endtime="20201013 19:19:00.882"></status>
</kw>
<kw name="Close Browser" library="SeleniumLibrary">
<doc>Closes the current browser.</doc>
<status status="PASS" starttime="20201013 19:19:00.883" endtime="20201013 19:19:05.922"></status>
</kw>
<status status="PASS" starttime="20201013 19:17:44.267" endtime="20201013 19:19:05.923" critical="yes"></status>
</test>
<status status="PASS" starttime="20201013 19:16:23.251" endtime="20201013 19:19:05.926"></status>
</suite>
<statistics>
<total>
<stat pass="2" fail="0">Critical Tests</stat>
<stat pass="2" fail="0">All Tests</stat>
</total>
<tag>
</tag>
<suite>
<stat pass="2" fail="0" id="s1" name="Element4">Element4</stat>
</suite>
</statistics>
<errors>
</errors>
</robot>
